[INFO ] 2019-03-25 14:05:04.914 Jeu:75 - Le choix de l'utilisateur est 2
[INFO ] 2019-03-25 14:05:07.854 Jeu:193 - Le choix de l'utilisateur est 1
[INFO ] 2019-03-25 14:05:45.605 Jeu:75 - Le choix de l'utilisateur est 2
[INFO ] 2019-03-25 14:05:46.881 Jeu:193 - Le choix de l'utilisateur est 1
[INFO ] 2019-03-25 14:05:46.892 ModeJeuMaster:94 - La combinaison secrète est : 4112
[INFO ] 2019-03-25 14:15:20.832 ModeJeuMaster:102 - La proposition de l'utilisateur au tour 1 est : 1234
[INFO ] 2019-03-25 14:15:20.832 ModeJeuMaster:104 - Au tour 1, le nombre de chiffre bien placés est 0 et le nombre de chiffre mal placés est 3
[INFO ] 2019-03-25 14:15:20.832 ModeJeuMaster:106 - Le jeu nous donne comme réponse : 3 présents
[INFO ] 2019-03-25 14:15:20.832 ModeJeuMaster:109 - Au tour 1, le jeu nous donne false pour savoir si l'utilisateur a trouvé la combinaison.
[INFO ] 2019-03-25 14:15:20.838 ModeJeuMaster:116 - Au tour 1, le jeu nous donne false pour savoir si le nombre de tour maximum est dépassé.
[INFO ] 2019-03-25 14:15:20.838 ModeJeuMaster:124 - Il reste 4 tour.
[INFO ] 2019-03-25 14:15:20.838 ModeJeuMaster:126 - On passe au tour : 2
[INFO ] 2019-03-25 14:15:27.604 ModeJeuMaster:102 - La proposition de l'utilisateur au tour 2 est : 1230
[INFO ] 2019-03-25 14:15:27.604 ModeJeuMaster:104 - Au tour 2, le nombre de chiffre bien placés est 0 et le nombre de chiffre mal placés est 2
[INFO ] 2019-03-25 14:15:27.604 ModeJeuMaster:106 - Le jeu nous donne comme réponse : 2 présents
[INFO ] 2019-03-25 14:15:27.604 ModeJeuMaster:109 - Au tour 2, le jeu nous donne false pour savoir si l'utilisateur a trouvé la combinaison.
[INFO ] 2019-03-25 14:15:27.613 ModeJeuMaster:116 - Au tour 2, le jeu nous donne false pour savoir si le nombre de tour maximum est dépassé.
[INFO ] 2019-03-25 14:15:27.613 ModeJeuMaster:124 - Il reste 3 tour.
[INFO ] 2019-03-25 14:15:27.613 ModeJeuMaster:126 - On passe au tour : 3
[INFO ] 2019-03-25 14:15:36.097 ModeJeuMaster:102 - La proposition de l'utilisateur au tour 3 est : 1434
[INFO ] 2019-03-25 14:15:36.097 ModeJeuMaster:104 - Au tour 3, le nombre de chiffre bien placés est 0 et le nombre de chiffre mal placés est 2
[INFO ] 2019-03-25 14:15:36.097 ModeJeuMaster:106 - Le jeu nous donne comme réponse : 2 présents
[INFO ] 2019-03-25 14:15:36.097 ModeJeuMaster:109 - Au tour 3, le jeu nous donne false pour savoir si l'utilisateur a trouvé la combinaison.
[INFO ] 2019-03-25 14:15:36.108 ModeJeuMaster:116 - Au tour 3, le jeu nous donne false pour savoir si le nombre de tour maximum est dépassé.
[INFO ] 2019-03-25 14:15:36.108 ModeJeuMaster:124 - Il reste 2 tour.
[INFO ] 2019-03-25 14:15:36.109 ModeJeuMaster:126 - On passe au tour : 4
[INFO ] 2019-03-25 14:15:50.982 ModeJeuMaster:102 - La proposition de l'utilisateur au tour 4 est : 1224
[INFO ] 2019-03-25 14:15:50.982 ModeJeuMaster:104 - Au tour 4, le nombre de chiffre bien placés est 0 et le nombre de chiffre mal placés est 3
[INFO ] 2019-03-25 14:15:50.982 ModeJeuMaster:106 - Le jeu nous donne comme réponse : 3 présents
[INFO ] 2019-03-25 14:15:50.982 ModeJeuMaster:109 - Au tour 4, le jeu nous donne false pour savoir si l'utilisateur a trouvé la combinaison.
[INFO ] 2019-03-25 14:15:50.988 ModeJeuMaster:116 - Au tour 4, le jeu nous donne false pour savoir si le nombre de tour maximum est dépassé.
[INFO ] 2019-03-25 14:15:50.988 ModeJeuMaster:124 - Il reste 1 tour.
[INFO ] 2019-03-25 14:15:50.988 ModeJeuMaster:126 - On passe au tour : 5
[INFO ] 2019-03-25 14:15:59.051 ModeJeuMaster:102 - La proposition de l'utilisateur au tour 5 est : 2141
[INFO ] 2019-03-25 14:15:59.051 ModeJeuMaster:104 - Au tour 5, le nombre de chiffre bien placés est 1 et le nombre de chiffre mal placés est 3
[INFO ] 2019-03-25 14:15:59.051 ModeJeuMaster:106 - Le jeu nous donne comme réponse : 3 présents, 1 bien placé
[INFO ] 2019-03-25 14:15:59.060 ModeJeuMaster:109 - Au tour 5, le jeu nous donne false pour savoir si l'utilisateur a trouvé la combinaison.
[INFO ] 2019-03-25 14:15:59.060 ModeJeuMaster:116 - Au tour 5, le jeu nous donne true pour savoir si le nombre de tour maximum est dépassé.
[INFO ] 2019-03-25 14:15:59.061 ModeJeuMaster:120 - L'utilisateur n'a pas trouvé la combinaison secrète en 5 tours.
[INFO ] 2019-03-25 14:16:08.201 ModeJeuMaster:301 - Le choix de l'utilisateur est 3
[INFO ] 2019-03-25 14:21:22.631 Jeu:75 - Le choix de l'utilisateur est 1
[INFO ] 2019-03-25 14:21:24.004 Jeu:130 - Le choix de l'utilisateur est 3
[INFO ] 2019-03-25 14:22:51.004 Jeu:75 - Le choix de l'utilisateur est 1
[INFO ] 2019-03-25 14:22:53.115 Jeu:130 - Le choix de l'utilisateur est 3
[INFO ] 2019-03-25 14:23:04.559 ModeJeuRech:191 - La combinaison secrète de l'utilisateur est : 1254
[INFO ] 2019-03-25 14:23:04.559 ModeJeuRech:193 - La combinaison secrète de l'ordinateur est : 2968
[INFO ] 2019-03-25 14:23:23.398 ModeJeuRech:202 - La proposition de l'utilisateur au tour 1 est : 5555
[INFO ] 2019-03-25 14:23:23.398 ModeJeuRech:205 - Le jeu nous donne comme réponse pour l'utilisateur : -+++
[INFO ] 2019-03-25 14:23:23.402 ModeJeuRech:207 - La proposition donné par l'ordinateur au tour 1est : 7777
[INFO ] 2019-03-25 14:23:23.402 ModeJeuRech:211 - Le jeu nous donne comme réponse pour l'ordinateur : ----
[INFO ] 2019-03-25 14:23:23.403 ModeJeuRech:213 - Au tour 1, le jeu nous donne false pour savoir si l'utilisateur a trouvé la combinaison.
[INFO ] 2019-03-25 14:23:23.403 ModeJeuRech:215 - Au tour 1, le jeu nous donne false pour savoir si l'ordinateur a trouvé la combinaison.
[INFO ] 2019-03-25 14:23:23.403 ModeJeuRech:233 - Au tour 1, le jeu nous donne false pour savoir si le nombre de tour maximum est dépassé.
[INFO ] 2019-03-25 14:23:23.403 ModeJeuRech:241 - Il reste 4 tour.
[INFO ] 2019-03-25 14:23:23.404 ModeJeuRech:243 - On passe au tour : 2
[INFO ] 2019-03-25 14:23:41.885 ModeJeuRech:202 - La proposition de l'utilisateur au tour 2 est : 2777
[INFO ] 2019-03-25 14:23:41.885 ModeJeuRech:205 - Le jeu nous donne comme réponse pour l'utilisateur : =+-+
[INFO ] 2019-03-25 14:23:41.898 ModeJeuRech:207 - La proposition donné par l'ordinateur au tour 2est : 2222
[INFO ] 2019-03-25 14:23:41.898 ModeJeuRech:211 - Le jeu nous donne comme réponse pour l'ordinateur : -=++
[INFO ] 2019-03-25 14:23:41.898 ModeJeuRech:213 - Au tour 2, le jeu nous donne false pour savoir si l'utilisateur a trouvé la combinaison.
[INFO ] 2019-03-25 14:23:41.899 ModeJeuRech:215 - Au tour 2, le jeu nous donne false pour savoir si l'ordinateur a trouvé la combinaison.
[INFO ] 2019-03-25 14:23:41.899 ModeJeuRech:233 - Au tour 2, le jeu nous donne false pour savoir si le nombre de tour maximum est dépassé.
[INFO ] 2019-03-25 14:23:41.899 ModeJeuRech:241 - Il reste 3 tour.
[INFO ] 2019-03-25 14:23:41.900 ModeJeuRech:243 - On passe au tour : 3
[INFO ] 2019-03-25 14:24:04.473 ModeJeuRech:202 - La proposition de l'utilisateur au tour 3 est : 2868
[INFO ] 2019-03-25 14:24:04.473 ModeJeuRech:205 - Le jeu nous donne comme réponse pour l'utilisateur : =+==
[INFO ] 2019-03-25 14:24:04.474 ModeJeuRech:207 - La proposition donné par l'ordinateur au tour 3est : 1255
[INFO ] 2019-03-25 14:24:04.474 ModeJeuRech:211 - Le jeu nous donne comme réponse pour l'ordinateur : ===-
[INFO ] 2019-03-25 14:24:04.474 ModeJeuRech:213 - Au tour 3, le jeu nous donne false pour savoir si l'utilisateur a trouvé la combinaison.
[INFO ] 2019-03-25 14:24:04.474 ModeJeuRech:215 - Au tour 3, le jeu nous donne false pour savoir si l'ordinateur a trouvé la combinaison.
[INFO ] 2019-03-25 14:24:04.474 ModeJeuRech:233 - Au tour 3, le jeu nous donne false pour savoir si le nombre de tour maximum est dépassé.
[INFO ] 2019-03-25 14:24:04.475 ModeJeuRech:241 - Il reste 2 tour.
[INFO ] 2019-03-25 14:24:04.475 ModeJeuRech:243 - On passe au tour : 4
[INFO ] 2019-03-25 14:24:10.553 ModeJeuRech:202 - La proposition de l'utilisateur au tour 4 est : 2968
[INFO ] 2019-03-25 14:24:10.553 ModeJeuRech:205 - Le jeu nous donne comme réponse pour l'utilisateur : ====
[INFO ] 2019-03-25 14:24:10.562 ModeJeuRech:207 - La proposition donné par l'ordinateur au tour 4est : 1254
[INFO ] 2019-03-25 14:24:10.562 ModeJeuRech:211 - Le jeu nous donne comme réponse pour l'ordinateur : ====
[INFO ] 2019-03-25 14:24:10.562 ModeJeuRech:213 - Au tour 4, le jeu nous donne true pour savoir si l'utilisateur a trouvé la combinaison.
[INFO ] 2019-03-25 14:24:10.563 ModeJeuRech:215 - Au tour 4, le jeu nous donne true pour savoir si l'ordinateur a trouvé la combinaison.
[INFO ] 2019-03-25 14:24:10.563 ModeJeuRech:229 - L'ordinateur et l'utilisateur ont trouvé en même temps les combinaisons secrètes.
[INFO ] 2019-03-25 14:27:31.732 Jeu:75 - Le choix de l'utilisateur est 1
[INFO ] 2019-03-25 14:28:05.742 Jeu:130 - Le choix de l'utilisateur est 1
[INFO ] 2019-03-25 14:28:05.755 ModeJeuRech:92 - La combinaison secrète est : 0077
[INFO ] 2019-03-25 14:29:22.741 Jeu:75 - Le choix de l'utilisateur est 1
[INFO ] 2019-03-25 14:29:25.648 Jeu:130 - Le choix de l'utilisateur est 1
[INFO ] 2019-03-25 14:29:25.658 ModeJeuRech:92 - La combinaison secrète est : 3580
[INFO ] 2019-03-25 14:30:43.016 ModeJeuRech:100 - La proposition de l'utilisateur au tour 1 est : 1234
[INFO ] 2019-03-25 14:30:43.016 ModeJeuRech:103 - Le jeu nous donne comme réponse : +++-
[INFO ] 2019-03-25 14:30:43.019 ModeJeuRech:105 - Au tour 1, le jeu nous donne false pour savoir si l'utilisateur a trouvé la combinaison.
[INFO ] 2019-03-25 14:30:43.019 ModeJeuRech:112 - Au tour 1, le jeu nous donne false pour savoir si le nombre de tour maximum est dépassé.
[INFO ] 2019-03-25 14:30:43.020 ModeJeuRech:120 - Il reste 4 tour.
[INFO ] 2019-03-25 14:30:43.020 ModeJeuRech:122 - On passe au tour : 2
[INFO ] 2019-03-25 14:37:16.837 Jeu:75 - Le choix de l'utilisateur est 1
[INFO ] 2019-03-25 14:37:20.727 Jeu:130 - Le choix de l'utilisateur est 1
[INFO ] 2019-03-25 14:37:20.729 ModeJeuRech:92 - La combinaison secrète est : 8113
[INFO ] 2019-03-25 14:37:32.135 ModeJeuRech:100 - La proposition de l'utilisateur au tour 1 est : 2222
[INFO ] 2019-03-25 14:37:32.135 ModeJeuRech:103 - Le jeu nous donne comme réponse : +--+
[INFO ] 2019-03-25 14:37:32.138 ModeJeuRech:105 - Au tour 1, le jeu nous donne false pour savoir si l'utilisateur a trouvé la combinaison.
[INFO ] 2019-03-25 14:37:32.138 ModeJeuRech:112 - Au tour 1, le jeu nous donne false pour savoir si le nombre de tour maximum est dépassé.
[INFO ] 2019-03-25 14:37:32.138 ModeJeuRech:120 - Il reste 4 tour.
[INFO ] 2019-03-25 14:37:32.139 ModeJeuRech:122 - On passe au tour : 2
[INFO ] 2019-03-25 14:37:37.967 ModeJeuRech:100 - La proposition de l'utilisateur au tour 2 est : 7117
[INFO ] 2019-03-25 14:37:37.967 ModeJeuRech:103 - Le jeu nous donne comme réponse : +==-
[INFO ] 2019-03-25 14:37:37.969 ModeJeuRech:105 - Au tour 2, le jeu nous donne false pour savoir si l'utilisateur a trouvé la combinaison.
[INFO ] 2019-03-25 14:37:37.969 ModeJeuRech:112 - Au tour 2, le jeu nous donne false pour savoir si le nombre de tour maximum est dépassé.
[INFO ] 2019-03-25 14:37:37.969 ModeJeuRech:120 - Il reste 3 tour.
[INFO ] 2019-03-25 14:37:37.970 ModeJeuRech:122 - On passe au tour : 3
[INFO ] 2019-03-25 14:37:45.422 ModeJeuRech:100 - La proposition de l'utilisateur au tour 3 est : 8115
[INFO ] 2019-03-25 14:37:45.422 ModeJeuRech:103 - Le jeu nous donne comme réponse : ===-
[INFO ] 2019-03-25 14:37:45.432 ModeJeuRech:105 - Au tour 3, le jeu nous donne false pour savoir si l'utilisateur a trouvé la combinaison.
[INFO ] 2019-03-25 14:37:45.433 ModeJeuRech:112 - Au tour 3, le jeu nous donne false pour savoir si le nombre de tour maximum est dépassé.
[INFO ] 2019-03-25 14:37:45.433 ModeJeuRech:120 - Il reste 2 tour.
[INFO ] 2019-03-25 14:37:45.434 ModeJeuRech:122 - On passe au tour : 4
[INFO ] 2019-03-25 14:37:50.371 ModeJeuRech:100 - La proposition de l'utilisateur au tour 4 est : 8114
[INFO ] 2019-03-25 14:37:50.371 ModeJeuRech:103 - Le jeu nous donne comme réponse : ===-
[INFO ] 2019-03-25 14:37:50.385 ModeJeuRech:105 - Au tour 4, le jeu nous donne false pour savoir si l'utilisateur a trouvé la combinaison.
[INFO ] 2019-03-25 14:37:50.385 ModeJeuRech:112 - Au tour 4, le jeu nous donne false pour savoir si le nombre de tour maximum est dépassé.
[INFO ] 2019-03-25 14:37:50.386 ModeJeuRech:120 - Il reste 1 tour.
[INFO ] 2019-03-25 14:37:50.386 ModeJeuRech:122 - On passe au tour : 5
[INFO ] 2019-03-25 14:37:52.840 ModeJeuRech:100 - La proposition de l'utilisateur au tour 5 est : 8113
[INFO ] 2019-03-25 14:37:52.840 ModeJeuRech:103 - Le jeu nous donne comme réponse : ====
[INFO ] 2019-03-25 14:37:52.849 ModeJeuRech:105 - Au tour 5, le jeu nous donne true pour savoir si l'utilisateur a trouvé la combinaison.
[INFO ] 2019-03-25 14:37:52.849 ModeJeuRech:108 - L'utilisateur a trouvé la combinaison
[INFO ] 2019-03-25 14:37:56.102 ModeJeuRech:298 - Le choix de l'utilisateur est 1
[INFO ] 2019-03-25 14:38:34.966 Jeu:130 - Le choix de l'utilisateur est 3
[INFO ] 2019-03-25 14:38:46.093 ModeJeuRech:191 - La combinaison secrète de l'utilisateur est : 0691
[INFO ] 2019-03-25 14:38:46.093 ModeJeuRech:193 - La combinaison secrète de l'ordinateur est : 7783
[INFO ] 2019-03-25 14:38:52.948 ModeJeuRech:202 - La proposition de l'utilisateur au tour 1 est : 2222
[INFO ] 2019-03-25 14:38:52.948 ModeJeuRech:205 - Le jeu nous donne comme réponse pour l'utilisateur : ++++
[INFO ] 2019-03-25 14:38:52.961 ModeJeuRech:207 - La proposition donné par l'ordinateur au tour 1est : 7777
[INFO ] 2019-03-25 14:38:52.961 ModeJeuRech:211 - Le jeu nous donne comme réponse pour l'ordinateur : --+-
[INFO ] 2019-03-25 14:38:52.962 ModeJeuRech:213 - Au tour 1, le jeu nous donne false pour savoir si l'utilisateur a trouvé la combinaison.
[INFO ] 2019-03-25 14:38:52.962 ModeJeuRech:215 - Au tour 1, le jeu nous donne false pour savoir si l'ordinateur a trouvé la combinaison.
[INFO ] 2019-03-25 14:38:52.962 ModeJeuRech:233 - Au tour 1, le jeu nous donne false pour savoir si le nombre de tour maximum est dépassé.
[INFO ] 2019-03-25 14:38:52.965 ModeJeuRech:241 - Il reste 4 tour.
[INFO ] 2019-03-25 14:38:52.965 ModeJeuRech:243 - On passe au tour : 2
[INFO ] 2019-03-25 14:38:58.011 ModeJeuRech:202 - La proposition de l'utilisateur au tour 2 est : 7777
[INFO ] 2019-03-25 14:38:58.011 ModeJeuRech:205 - Le jeu nous donne comme réponse pour l'utilisateur : ==+-
[INFO ] 2019-03-25 14:38:58.017 ModeJeuRech:207 - La proposition donné par l'ordinateur au tour 2est : 2282
[INFO ] 2019-03-25 14:38:58.017 ModeJeuRech:211 - Le jeu nous donne comme réponse pour l'ordinateur : -++-
[INFO ] 2019-03-25 14:38:58.017 ModeJeuRech:213 - Au tour 2, le jeu nous donne false pour savoir si l'utilisateur a trouvé la combinaison.
[INFO ] 2019-03-25 14:38:58.017 ModeJeuRech:215 - Au tour 2, le jeu nous donne false pour savoir si l'ordinateur a trouvé la combinaison.
[INFO ] 2019-03-25 14:38:58.017 ModeJeuRech:233 - Au tour 2, le jeu nous donne false pour savoir si le nombre de tour maximum est dépassé.
[INFO ] 2019-03-25 14:38:58.018 ModeJeuRech:241 - Il reste 3 tour.
[INFO ] 2019-03-25 14:38:58.018 ModeJeuRech:243 - On passe au tour : 3
[INFO ] 2019-03-25 14:39:02.909 ModeJeuRech:202 - La proposition de l'utilisateur au tour 3 est : 7785
[INFO ] 2019-03-25 14:39:02.909 ModeJeuRech:205 - Le jeu nous donne comme réponse pour l'utilisateur : ===-
[INFO ] 2019-03-25 14:39:02.909 ModeJeuRech:207 - La proposition donné par l'ordinateur au tour 3est : 1591
[INFO ] 2019-03-25 14:39:02.909 ModeJeuRech:211 - Le jeu nous donne comme réponse pour l'ordinateur : -+==
[INFO ] 2019-03-25 14:39:02.922 ModeJeuRech:213 - Au tour 3, le jeu nous donne false pour savoir si l'utilisateur a trouvé la combinaison.
[INFO ] 2019-03-25 14:39:02.922 ModeJeuRech:215 - Au tour 3, le jeu nous donne false pour savoir si l'ordinateur a trouvé la combinaison.
[INFO ] 2019-03-25 14:39:02.922 ModeJeuRech:233 - Au tour 3, le jeu nous donne false pour savoir si le nombre de tour maximum est dépassé.
[INFO ] 2019-03-25 14:39:02.923 ModeJeuRech:241 - Il reste 2 tour.
[INFO ] 2019-03-25 14:39:02.923 ModeJeuRech:243 - On passe au tour : 4
[INFO ] 2019-03-25 14:39:07.376 ModeJeuRech:202 - La proposition de l'utilisateur au tour 4 est : 7784
[INFO ] 2019-03-25 14:39:07.376 ModeJeuRech:205 - Le jeu nous donne comme réponse pour l'utilisateur : ===-
[INFO ] 2019-03-25 14:39:07.377 ModeJeuRech:207 - La proposition donné par l'ordinateur au tour 4est : 0691
[INFO ] 2019-03-25 14:39:07.377 ModeJeuRech:211 - Le jeu nous donne comme réponse pour l'ordinateur : ====
[INFO ] 2019-03-25 14:39:07.377 ModeJeuRech:213 - Au tour 4, le jeu nous donne false pour savoir si l'utilisateur a trouvé la combinaison.
[INFO ] 2019-03-25 14:39:07.378 ModeJeuRech:215 - Au tour 4, le jeu nous donne true pour savoir si l'ordinateur a trouvé la combinaison.
[INFO ] 2019-03-25 14:39:07.378 ModeJeuRech:224 - L'ordinateur a trouvé la combinaison de l'utilisateur.
[INFO ] 2019-03-25 14:41:43.713 Jeu:75 - Le choix de l'utilisateur est 1
[INFO ] 2019-03-25 14:41:48.121 Jeu:130 - Le choix de l'utilisateur est 4
[INFO ] 2019-03-25 14:41:49.936 Jeu:75 - Le choix de l'utilisateur est 2
[INFO ] 2019-03-25 14:42:02.053 Jeu:190 - Le choix de l'utilisateur est 1
[INFO ] 2019-03-25 14:42:02.056 ModeJeuMaster:94 - La combinaison secrète est : 1144
[INFO ] 2019-03-25 14:42:13.337 ModeJeuMaster:102 - La proposition de l'utilisateur au tour 1 est : 1111
[INFO ] 2019-03-25 14:42:13.337 ModeJeuMaster:104 - Au tour 1, le nombre de chiffre bien placés est 2 et le nombre de chiffre mal placés est 0
[INFO ] 2019-03-25 14:42:13.337 ModeJeuMaster:106 - Le jeu nous donne comme réponse : 2 bien placés
[INFO ] 2019-03-25 14:42:13.337 ModeJeuMaster:109 - Au tour 1, le jeu nous donne false pour savoir si l'utilisateur a trouvé la combinaison.
[INFO ] 2019-03-25 14:42:13.346 ModeJeuMaster:116 - Au tour 1, le jeu nous donne false pour savoir si le nombre de tour maximum est dépassé.
[INFO ] 2019-03-25 14:42:13.346 ModeJeuMaster:123 - Il reste 4 tour.
[INFO ] 2019-03-25 14:42:13.347 ModeJeuMaster:125 - On passe au tour : 2
[INFO ] 2019-03-25 14:42:16.098 ModeJeuMaster:102 - La proposition de l'utilisateur au tour 2 est : 1111
[INFO ] 2019-03-25 14:42:16.098 ModeJeuMaster:104 - Au tour 2, le nombre de chiffre bien placés est 2 et le nombre de chiffre mal placés est 0
[INFO ] 2019-03-25 14:42:16.098 ModeJeuMaster:106 - Le jeu nous donne comme réponse : 2 bien placés
[INFO ] 2019-03-25 14:42:16.098 ModeJeuMaster:109 - Au tour 2, le jeu nous donne false pour savoir si l'utilisateur a trouvé la combinaison.
[INFO ] 2019-03-25 14:42:16.104 ModeJeuMaster:116 - Au tour 2, le jeu nous donne false pour savoir si le nombre de tour maximum est dépassé.
[INFO ] 2019-03-25 14:42:16.104 ModeJeuMaster:123 - Il reste 3 tour.
[INFO ] 2019-03-25 14:42:16.104 ModeJeuMaster:125 - On passe au tour : 3
[INFO ] 2019-03-25 14:42:17.966 ModeJeuMaster:102 - La proposition de l'utilisateur au tour 3 est : 1111
[INFO ] 2019-03-25 14:42:17.966 ModeJeuMaster:104 - Au tour 3, le nombre de chiffre bien placés est 2 et le nombre de chiffre mal placés est 0
[INFO ] 2019-03-25 14:42:17.966 ModeJeuMaster:106 - Le jeu nous donne comme réponse : 2 bien placés
[INFO ] 2019-03-25 14:42:17.966 ModeJeuMaster:109 - Au tour 3, le jeu nous donne false pour savoir si l'utilisateur a trouvé la combinaison.
[INFO ] 2019-03-25 14:42:17.977 ModeJeuMaster:116 - Au tour 3, le jeu nous donne false pour savoir si le nombre de tour maximum est dépassé.
[INFO ] 2019-03-25 14:42:17.977 ModeJeuMaster:123 - Il reste 2 tour.
[INFO ] 2019-03-25 14:42:17.977 ModeJeuMaster:125 - On passe au tour : 4
[INFO ] 2019-03-25 14:42:19.916 ModeJeuMaster:102 - La proposition de l'utilisateur au tour 4 est : 1111
[INFO ] 2019-03-25 14:42:19.916 ModeJeuMaster:104 - Au tour 4, le nombre de chiffre bien placés est 2 et le nombre de chiffre mal placés est 0
[INFO ] 2019-03-25 14:42:19.916 ModeJeuMaster:106 - Le jeu nous donne comme réponse : 2 bien placés
[INFO ] 2019-03-25 14:42:19.916 ModeJeuMaster:109 - Au tour 4, le jeu nous donne false pour savoir si l'utilisateur a trouvé la combinaison.
[INFO ] 2019-03-25 14:42:19.929 ModeJeuMaster:116 - Au tour 4, le jeu nous donne false pour savoir si le nombre de tour maximum est dépassé.
[INFO ] 2019-03-25 14:42:19.929 ModeJeuMaster:123 - Il reste 1 tour.
[INFO ] 2019-03-25 14:42:19.929 ModeJeuMaster:125 - On passe au tour : 5
[INFO ] 2019-03-25 14:42:22.665 ModeJeuMaster:102 - La proposition de l'utilisateur au tour 5 est : 1111
[INFO ] 2019-03-25 14:42:22.680 ModeJeuMaster:104 - Au tour 5, le nombre de chiffre bien placés est 2 et le nombre de chiffre mal placés est 0
[INFO ] 2019-03-25 14:42:22.680 ModeJeuMaster:106 - Le jeu nous donne comme réponse : 2 bien placés
[INFO ] 2019-03-25 14:42:22.680 ModeJeuMaster:109 - Au tour 5, le jeu nous donne false pour savoir si l'utilisateur a trouvé la combinaison.
[INFO ] 2019-03-25 14:42:22.681 ModeJeuMaster:116 - Au tour 5, le jeu nous donne true pour savoir si le nombre de tour maximum est dépassé.
[INFO ] 2019-03-25 14:42:22.681 ModeJeuMaster:119 - L'utilisateur n'a pas trouvé la combinaison secrète en 5 tours.
[INFO ] 2019-03-25 14:46:03.593 Jeu:75 - Le choix de l'utilisateur est 2
[INFO ] 2019-03-25 14:46:07.563 Jeu:190 - Le choix de l'utilisateur est 1
[INFO ] 2019-03-25 14:46:07.576 ModeJeuMaster:94 - La combinaison secrète est : 2000
[INFO ] 2019-03-25 14:46:29.458 ModeJeuMaster:102 - La proposition de l'utilisateur au tour 1 est : 1111
[INFO ] 2019-03-25 14:46:29.458 ModeJeuMaster:104 - Au tour 1, le nombre de chiffre bien placés est 0 et le nombre de chiffre mal placés est 0
[INFO ] 2019-03-25 14:46:29.473 ModeJeuMaster:106 - Le jeu nous donne comme réponse : Aucun des nombres ne correspondent à la combinaison !
[INFO ] 2019-03-25 14:46:29.473 ModeJeuMaster:109 - Au tour 1, le jeu nous donne false pour savoir si l'utilisateur a trouvé la combinaison.
[INFO ] 2019-03-25 14:46:29.473 ModeJeuMaster:116 - Au tour 1, le jeu nous donne false pour savoir si le nombre de tour maximum est dépassé.
[INFO ] 2019-03-25 14:46:29.473 ModeJeuMaster:123 - Il reste 4 tour.
[INFO ] 2019-03-25 14:46:29.473 ModeJeuMaster:125 - On passe au tour : 2
[INFO ] 2019-03-25 14:46:39.927 ModeJeuMaster:102 - La proposition de l'utilisateur au tour 2 est : 2222
[INFO ] 2019-03-25 14:46:39.927 ModeJeuMaster:104 - Au tour 2, le nombre de chiffre bien placés est 1 et le nombre de chiffre mal placés est 0
[INFO ] 2019-03-25 14:46:39.927 ModeJeuMaster:106 - Le jeu nous donne comme réponse : 1 bien placé
[INFO ] 2019-03-25 14:46:39.927 ModeJeuMaster:109 - Au tour 2, le jeu nous donne false pour savoir si l'utilisateur a trouvé la combinaison.
[INFO ] 2019-03-25 14:46:39.937 ModeJeuMaster:116 - Au tour 2, le jeu nous donne false pour savoir si le nombre de tour maximum est dépassé.
[INFO ] 2019-03-25 14:46:39.937 ModeJeuMaster:123 - Il reste 3 tour.
[INFO ] 2019-03-25 14:46:39.938 ModeJeuMaster:125 - On passe au tour : 3
[INFO ] 2019-03-25 14:46:54.826 ModeJeuMaster:102 - La proposition de l'utilisateur au tour 3 est : 3333
[INFO ] 2019-03-25 14:46:54.826 ModeJeuMaster:104 - Au tour 3, le nombre de chiffre bien placés est 0 et le nombre de chiffre mal placés est 0
[INFO ] 2019-03-25 14:46:54.826 ModeJeuMaster:106 - Le jeu nous donne comme réponse : Aucun des nombres ne correspondent à la combinaison !
[INFO ] 2019-03-25 14:46:54.826 ModeJeuMaster:109 - Au tour 3, le jeu nous donne false pour savoir si l'utilisateur a trouvé la combinaison.
[INFO ] 2019-03-25 14:46:54.841 ModeJeuMaster:116 - Au tour 3, le jeu nous donne false pour savoir si le nombre de tour maximum est dépassé.
[INFO ] 2019-03-25 14:46:54.841 ModeJeuMaster:123 - Il reste 2 tour.
[INFO ] 2019-03-25 14:46:54.842 ModeJeuMaster:125 - On passe au tour : 4
[INFO ] 2019-03-25 14:47:00.638 ModeJeuMaster:102 - La proposition de l'utilisateur au tour 4 est : 0000
[INFO ] 2019-03-25 14:47:00.638 ModeJeuMaster:104 - Au tour 4, le nombre de chiffre bien placés est 3 et le nombre de chiffre mal placés est 0
[INFO ] 2019-03-25 14:47:00.638 ModeJeuMaster:106 - Le jeu nous donne comme réponse : 3 bien placés
[INFO ] 2019-03-25 14:47:00.638 ModeJeuMaster:109 - Au tour 4, le jeu nous donne false pour savoir si l'utilisateur a trouvé la combinaison.
[INFO ] 2019-03-25 14:47:00.641 ModeJeuMaster:116 - Au tour 4, le jeu nous donne false pour savoir si le nombre de tour maximum est dépassé.
[INFO ] 2019-03-25 14:47:00.641 ModeJeuMaster:123 - Il reste 1 tour.
[INFO ] 2019-03-25 14:47:00.642 ModeJeuMaster:125 - On passe au tour : 5
[INFO ] 2019-03-25 14:47:06.173 ModeJeuMaster:102 - La proposition de l'utilisateur au tour 5 est : 0000
[INFO ] 2019-03-25 14:47:06.173 ModeJeuMaster:104 - Au tour 5, le nombre de chiffre bien placés est 3 et le nombre de chiffre mal placés est 0
[INFO ] 2019-03-25 14:47:06.173 ModeJeuMaster:106 - Le jeu nous donne comme réponse : 3 bien placés
[INFO ] 2019-03-25 14:47:06.173 ModeJeuMaster:109 - Au tour 5, le jeu nous donne false pour savoir si l'utilisateur a trouvé la combinaison.
[INFO ] 2019-03-25 14:47:06.176 ModeJeuMaster:116 - Au tour 5, le jeu nous donne true pour savoir si le nombre de tour maximum est dépassé.
[INFO ] 2019-03-25 14:47:06.176 ModeJeuMaster:119 - L'utilisateur n'a pas trouvé la combinaison secrète en 5 tours.
[INFO ] 2019-03-25 14:47:21.347 ModeJeuMaster:307 - Le choix de l'utilisateur est 3
[INFO ] 2019-03-25 14:53:23.780 Jeu:75 - Le choix de l'utilisateur est 1
[INFO ] 2019-03-25 14:53:30.880 Jeu:130 - Le choix de l'utilisateur est 2
[INFO ] 2019-03-25 14:53:35.616 ModeJeuRech:139 - La combinaison donné par l'utilisateur est : 2154
[INFO ] 2019-03-25 14:53:35.616 ModeJeuRech:144 - La proposition donné par l'ordinateur au tour 1est : 7777
[INFO ] 2019-03-25 14:53:35.624 ModeJeuRech:149 - Le jeu nous donne comme réponse : ----
[INFO ] 2019-03-25 14:53:35.624 ModeJeuRech:151 - Au tour 1, le jeu nous donne false pour savoir si l'ordinateur a trouvé la combinaison.
[INFO ] 2019-03-25 14:53:35.624 ModeJeuRech:158 - Au tour 1, le jeu nous donne false pour savoir si le nombre de tour maximum est dépassé.
[INFO ] 2019-03-25 14:53:35.624 ModeJeuRech:165 - Il reste 4 tour.
[INFO ] 2019-03-25 14:53:35.625 ModeJeuRech:167 - On passe au tour : 2
[INFO ] 2019-03-25 14:53:35.625 ModeJeuRech:144 - La proposition donné par l'ordinateur au tour 2est : 2222
[INFO ] 2019-03-25 14:53:35.625 ModeJeuRech:149 - Le jeu nous donne comme réponse : =-++
[INFO ] 2019-03-25 14:53:35.625 ModeJeuRech:151 - Au tour 2, le jeu nous donne false pour savoir si l'ordinateur a trouvé la combinaison.
[INFO ] 2019-03-25 14:53:35.625 ModeJeuRech:158 - Au tour 2, le jeu nous donne false pour savoir si le nombre de tour maximum est dépassé.
[INFO ] 2019-03-25 14:53:35.626 ModeJeuRech:165 - Il reste 3 tour.
[INFO ] 2019-03-25 14:53:35.626 ModeJeuRech:167 - On passe au tour : 3
[INFO ] 2019-03-25 14:53:35.626 ModeJeuRech:144 - La proposition donné par l'ordinateur au tour 3est : 2155
[INFO ] 2019-03-25 14:53:35.626 ModeJeuRech:149 - Le jeu nous donne comme réponse : ===-
[INFO ] 2019-03-25 14:53:35.626 ModeJeuRech:151 - Au tour 3, le jeu nous donne false pour savoir si l'ordinateur a trouvé la combinaison.
[INFO ] 2019-03-25 14:53:35.626 ModeJeuRech:158 - Au tour 3, le jeu nous donne false pour savoir si le nombre de tour maximum est dépassé.
[INFO ] 2019-03-25 14:53:35.626 ModeJeuRech:165 - Il reste 2 tour.
[INFO ] 2019-03-25 14:53:35.626 ModeJeuRech:167 - On passe au tour : 4
[INFO ] 2019-03-25 14:53:35.626 ModeJeuRech:144 - La proposition donné par l'ordinateur au tour 4est : 2154
[INFO ] 2019-03-25 14:53:35.626 ModeJeuRech:149 - Le jeu nous donne comme réponse : ====
[INFO ] 2019-03-25 14:53:35.626 ModeJeuRech:151 - Au tour 4, le jeu nous donne true pour savoir si l'ordinateur a trouvé la combinaison.
[INFO ] 2019-03-25 14:53:35.626 ModeJeuRech:154 - L'ordinateur a trouvé la combinaison
[INFO ] 2019-03-25 14:53:47.592 ModeJeuRech:294 - Le choix de l'utilisateur est 1
[INFO ] 2019-03-25 14:53:49.538 Jeu:130 - Le choix de l'utilisateur est 3
[INFO ] 2019-03-25 14:54:06.565 ModeJeuRech:190 - La combinaison secrète de l'utilisateur est : 0643
[INFO ] 2019-03-25 14:54:06.565 ModeJeuRech:192 - La combinaison secrète de l'ordinateur est : 3073
[INFO ] 2019-03-25 14:54:10.218 ModeJeuRech:201 - La proposition de l'utilisateur au tour 1 est : 2222
[INFO ] 2019-03-25 14:54:10.218 ModeJeuRech:204 - Le jeu nous donne comme réponse pour l'utilisateur : +-++
[INFO ] 2019-03-25 14:54:10.223 ModeJeuRech:206 - La proposition donné par l'ordinateur au tour 1est : 7777
[INFO ] 2019-03-25 14:54:10.223 ModeJeuRech:210 - Le jeu nous donne comme réponse pour l'ordinateur : ----
[INFO ] 2019-03-25 14:54:10.224 ModeJeuRech:212 - Au tour 1, le jeu nous donne false pour savoir si l'utilisateur a trouvé la combinaison.
[INFO ] 2019-03-25 14:54:10.224 ModeJeuRech:214 - Au tour 1, le jeu nous donne false pour savoir si l'ordinateur a trouvé la combinaison.
[INFO ] 2019-03-25 14:54:10.224 ModeJeuRech:231 - Au tour 1, le jeu nous donne false pour savoir si le nombre de tour maximum est dépassé.
[INFO ] 2019-03-25 14:54:10.224 ModeJeuRech:238 - Il reste 4 tour.
[INFO ] 2019-03-25 14:54:10.224 ModeJeuRech:240 - On passe au tour : 2
[INFO ] 2019-03-25 14:54:15.816 ModeJeuRech:201 - La proposition de l'utilisateur au tour 2 est : 7177
[INFO ] 2019-03-25 14:54:15.816 ModeJeuRech:204 - Le jeu nous donne comme réponse pour l'utilisateur : --=-
[INFO ] 2019-03-25 14:54:15.831 ModeJeuRech:206 - La proposition donné par l'ordinateur au tour 2est : 2222
[INFO ] 2019-03-25 14:54:15.831 ModeJeuRech:210 - Le jeu nous donne comme réponse pour l'ordinateur : -+++
[INFO ] 2019-03-25 14:54:15.832 ModeJeuRech:212 - Au tour 2, le jeu nous donne false pour savoir si l'utilisateur a trouvé la combinaison.
[INFO ] 2019-03-25 14:54:15.832 ModeJeuRech:214 - Au tour 2, le jeu nous donne false pour savoir si l'ordinateur a trouvé la combinaison.
[INFO ] 2019-03-25 14:54:15.832 ModeJeuRech:231 - Au tour 2, le jeu nous donne false pour savoir si le nombre de tour maximum est dépassé.
[INFO ] 2019-03-25 14:54:15.832 ModeJeuRech:238 - Il reste 3 tour.
[INFO ] 2019-03-25 14:54:15.832 ModeJeuRech:240 - On passe au tour : 3
[INFO ] 2019-03-25 14:54:22.425 ModeJeuRech:201 - La proposition de l'utilisateur au tour 3 est : 5075
[INFO ] 2019-03-25 14:54:22.425 ModeJeuRech:204 - Le jeu nous donne comme réponse pour l'utilisateur : -==-
[INFO ] 2019-03-25 14:54:22.431 ModeJeuRech:206 - La proposition donné par l'ordinateur au tour 3est : 1555
[INFO ] 2019-03-25 14:54:22.431 ModeJeuRech:210 - Le jeu nous donne comme réponse pour l'ordinateur : -+--
[INFO ] 2019-03-25 14:54:22.431 ModeJeuRech:212 - Au tour 3, le jeu nous donne false pour savoir si l'utilisateur a trouvé la combinaison.
[INFO ] 2019-03-25 14:54:22.432 ModeJeuRech:214 - Au tour 3, le jeu nous donne false pour savoir si l'ordinateur a trouvé la combinaison.
[INFO ] 2019-03-25 14:54:22.432 ModeJeuRech:231 - Au tour 3, le jeu nous donne false pour savoir si le nombre de tour maximum est dépassé.
[INFO ] 2019-03-25 14:54:22.432 ModeJeuRech:238 - Il reste 2 tour.
[INFO ] 2019-03-25 14:54:22.432 ModeJeuRech:240 - On passe au tour : 4
[INFO ] 2019-03-25 14:54:29.400 ModeJeuRech:201 - La proposition de l'utilisateur au tour 4 est : 4074
[INFO ] 2019-03-25 14:54:29.415 ModeJeuRech:204 - Le jeu nous donne comme réponse pour l'utilisateur : -==-
[INFO ] 2019-03-25 14:54:29.415 ModeJeuRech:206 - La proposition donné par l'ordinateur au tour 4est : 0644
[INFO ] 2019-03-25 14:54:29.415 ModeJeuRech:210 - Le jeu nous donne comme réponse pour l'ordinateur : ===-
[INFO ] 2019-03-25 14:54:29.415 ModeJeuRech:212 - Au tour 4, le jeu nous donne false pour savoir si l'utilisateur a trouvé la combinaison.
[INFO ] 2019-03-25 14:54:29.416 ModeJeuRech:214 - Au tour 4, le jeu nous donne false pour savoir si l'ordinateur a trouvé la combinaison.
[INFO ] 2019-03-25 14:54:29.416 ModeJeuRech:231 - Au tour 4, le jeu nous donne false pour savoir si le nombre de tour maximum est dépassé.
[INFO ] 2019-03-25 14:54:29.416 ModeJeuRech:238 - Il reste 1 tour.
[INFO ] 2019-03-25 14:54:29.416 ModeJeuRech:240 - On passe au tour : 5
[INFO ] 2019-03-25 14:54:33.603 ModeJeuRech:201 - La proposition de l'utilisateur au tour 5 est : 3073
[INFO ] 2019-03-25 14:54:33.603 ModeJeuRech:204 - Le jeu nous donne comme réponse pour l'utilisateur : ====
[INFO ] 2019-03-25 14:54:33.615 ModeJeuRech:206 - La proposition donné par l'ordinateur au tour 5est : 0643
[INFO ] 2019-03-25 14:54:33.615 ModeJeuRech:210 - Le jeu nous donne comme réponse pour l'ordinateur : ====
[INFO ] 2019-03-25 14:54:33.615 ModeJeuRech:212 - Au tour 5, le jeu nous donne true pour savoir si l'utilisateur a trouvé la combinaison.
[INFO ] 2019-03-25 14:54:33.616 ModeJeuRech:214 - Au tour 5, le jeu nous donne true pour savoir si l'ordinateur a trouvé la combinaison.
[INFO ] 2019-03-25 14:54:33.616 ModeJeuRech:227 - L'ordinateur et l'utilisateur ont trouvé en même temps les combinaisons secrètes.
[INFO ] 2019-03-25 14:55:41.328 ModeJeuRech:294 - Le choix de l'utilisateur est 1
[INFO ] 2019-03-25 14:55:43.555 Jeu:130 - Le choix de l'utilisateur est 2
[INFO ] 2019-03-25 14:55:48.052 ModeJeuRech:139 - La combinaison donné par l'utilisateur est : 2015
[INFO ] 2019-03-25 14:55:48.052 ModeJeuRech:144 - La proposition donné par l'ordinateur au tour 1est : 7777
[INFO ] 2019-03-25 14:55:48.054 ModeJeuRech:149 - Le jeu nous donne comme réponse : ----
[INFO ] 2019-03-25 14:55:48.054 ModeJeuRech:151 - Au tour 1, le jeu nous donne false pour savoir si l'ordinateur a trouvé la combinaison.
[INFO ] 2019-03-25 14:55:48.054 ModeJeuRech:158 - Au tour 1, le jeu nous donne false pour savoir si le nombre de tour maximum est dépassé.
[INFO ] 2019-03-25 14:55:48.054 ModeJeuRech:165 - Il reste 4 tour.
[INFO ] 2019-03-25 14:55:48.054 ModeJeuRech:167 - On passe au tour : 2
[INFO ] 2019-03-25 14:55:48.054 ModeJeuRech:144 - La proposition donné par l'ordinateur au tour 2est : 2222
[INFO ] 2019-03-25 14:55:48.055 ModeJeuRech:149 - Le jeu nous donne comme réponse : =--+
[INFO ] 2019-03-25 14:55:48.055 ModeJeuRech:151 - Au tour 2, le jeu nous donne false pour savoir si l'ordinateur a trouvé la combinaison.
[INFO ] 2019-03-25 14:55:48.055 ModeJeuRech:158 - Au tour 2, le jeu nous donne false pour savoir si le nombre de tour maximum est dépassé.
[INFO ] 2019-03-25 14:55:48.057 ModeJeuRech:165 - Il reste 3 tour.
[INFO ] 2019-03-25 14:55:48.057 ModeJeuRech:167 - On passe au tour : 3
[INFO ] 2019-03-25 14:55:48.057 ModeJeuRech:144 - La proposition donné par l'ordinateur au tour 3est : 2115
[INFO ] 2019-03-25 14:55:48.057 ModeJeuRech:149 - Le jeu nous donne comme réponse : =-==
[INFO ] 2019-03-25 14:55:48.057 ModeJeuRech:151 - Au tour 3, le jeu nous donne false pour savoir si l'ordinateur a trouvé la combinaison.
[INFO ] 2019-03-25 14:55:48.057 ModeJeuRech:158 - Au tour 3, le jeu nous donne false pour savoir si le nombre de tour maximum est dépassé.
[INFO ] 2019-03-25 14:55:48.057 ModeJeuRech:165 - Il reste 2 tour.
[INFO ] 2019-03-25 14:55:48.057 ModeJeuRech:167 - On passe au tour : 4
[INFO ] 2019-03-25 14:55:48.057 ModeJeuRech:144 - La proposition donné par l'ordinateur au tour 4est : 2015
[INFO ] 2019-03-25 14:55:48.057 ModeJeuRech:149 - Le jeu nous donne comme réponse : ====
[INFO ] 2019-03-25 14:55:48.057 ModeJeuRech:151 - Au tour 4, le jeu nous donne true pour savoir si l'ordinateur a trouvé la combinaison.
[INFO ] 2019-03-25 14:55:48.057 ModeJeuRech:154 - L'ordinateur a trouvé la combinaison
[INFO ] 2019-03-25 14:56:46.902 ModeJeuRech:294 - Le choix de l'utilisateur est 2
[INFO ] 2019-03-25 14:56:48.904 Jeu:75 - Le choix de l'utilisateur est 2
[INFO ] 2019-03-25 14:56:50.530 Jeu:190 - Le choix de l'utilisateur est 3
[INFO ] 2019-03-25 14:56:56.591 ModeJeuMaster:197 - La combinaison secrète de l'utilisateur est : 2041
[INFO ] 2019-03-25 14:56:56.591 ModeJeuMaster:199 - La combinaison secrète de l'ordinateur est : 3341
[INFO ] 2019-03-25 14:57:01.131 ModeJeuMaster:208 - La proposition de l'utilisateur au tour 1 est : 0123
[INFO ] 2019-03-25 14:57:01.131 ModeJeuMaster:210 - Pour l'utilisateur au tour 1, le nombre de chiffre bien placés est 0 et le nombre de chiffre mal placés est 2
[INFO ] 2019-03-25 14:57:01.131 ModeJeuMaster:212 - Le jeu nous donne comme réponse pour l'utilisateur : 2 présents
[INFO ] 2019-03-25 14:57:01.131 ModeJeuMaster:215 - La proposition de l'ordinateur au tour 1 est : 2224
[INFO ] 2019-03-25 14:57:01.136 ModeJeuMaster:218 - Pour l'ordinateur au tour 1, le nombre de chiffre bien placés est 1 et le nombre de chiffre mal placés est 1
[INFO ] 2019-03-25 14:57:01.136 ModeJeuMaster:220 - Le jeu nous donne comme réponse pour l'ordinateur : 2 présents
[INFO ] 2019-03-25 14:57:01.136 ModeJeuMaster:223 - Au tour 1, le jeu nous donne false pour savoir si l'utilisateur a trouvé la combinaison.
[INFO ] 2019-03-25 14:57:01.136 ModeJeuMaster:225 - Au tour 1, le jeu nous donne false pour savoir si l'ordinateur a trouvé la combinaison.
[INFO ] 2019-03-25 14:57:01.137 ModeJeuMaster:242 - Au tour 1, le jeu nous donne false pour savoir si le nombre de tour maximum est dépassé.
[INFO ] 2019-03-25 14:57:01.137 ModeJeuMaster:249 - Il reste 4 tour.
[INFO ] 2019-03-25 14:57:01.137 ModeJeuMaster:251 - On passe au tour : 2
[INFO ] 2019-03-25 14:57:04.934 ModeJeuMaster:208 - La proposition de l'utilisateur au tour 2 est : 0144
[INFO ] 2019-03-25 14:57:04.934 ModeJeuMaster:210 - Pour l'utilisateur au tour 2, le nombre de chiffre bien placés est 1 et le nombre de chiffre mal placés est 1
[INFO ] 2019-03-25 14:57:04.934 ModeJeuMaster:212 - Le jeu nous donne comme réponse pour l'utilisateur : 1 présent, 1 bien placé
[INFO ] 2019-03-25 14:57:04.936 ModeJeuMaster:215 - La proposition de l'ordinateur au tour 2 est : 2422
[INFO ] 2019-03-25 14:57:04.936 ModeJeuMaster:218 - Pour l'ordinateur au tour 2, le nombre de chiffre bien placés est 1 et le nombre de chiffre mal placés est 1
[INFO ] 2019-03-25 14:57:04.936 ModeJeuMaster:220 - Le jeu nous donne comme réponse pour l'ordinateur : 1 présent, 1 bien placé
[INFO ] 2019-03-25 14:57:04.936 ModeJeuMaster:223 - Au tour 2, le jeu nous donne false pour savoir si l'utilisateur a trouvé la combinaison.
[INFO ] 2019-03-25 14:57:04.936 ModeJeuMaster:225 - Au tour 2, le jeu nous donne false pour savoir si l'ordinateur a trouvé la combinaison.
[INFO ] 2019-03-25 14:57:04.936 ModeJeuMaster:242 - Au tour 2, le jeu nous donne false pour savoir si le nombre de tour maximum est dépassé.
[INFO ] 2019-03-25 14:57:04.937 ModeJeuMaster:249 - Il reste 3 tour.
[INFO ] 2019-03-25 14:57:04.937 ModeJeuMaster:251 - On passe au tour : 3
[INFO ] 2019-03-25 14:57:13.233 ModeJeuMaster:208 - La proposition de l'utilisateur au tour 3 est : 0422
[INFO ] 2019-03-25 14:57:13.233 ModeJeuMaster:210 - Pour l'utilisateur au tour 3, le nombre de chiffre bien placés est 0 et le nombre de chiffre mal placés est 1
[INFO ] 2019-03-25 14:57:13.233 ModeJeuMaster:212 - Le jeu nous donne comme réponse pour l'utilisateur : 1 présent
[INFO ] 2019-03-25 14:57:13.241 ModeJeuMaster:215 - La proposition de l'ordinateur au tour 3 est : 2242
[INFO ] 2019-03-25 14:57:13.241 ModeJeuMaster:218 - Pour l'ordinateur au tour 3, le nombre de chiffre bien placés est 2 et le nombre de chiffre mal placés est 0
[INFO ] 2019-03-25 14:57:13.241 ModeJeuMaster:220 - Le jeu nous donne comme réponse pour l'ordinateur : 1 présent
[INFO ] 2019-03-25 14:57:13.241 ModeJeuMaster:223 - Au tour 3, le jeu nous donne false pour savoir si l'utilisateur a trouvé la combinaison.
[INFO ] 2019-03-25 14:57:13.241 ModeJeuMaster:225 - Au tour 3, le jeu nous donne false pour savoir si l'ordinateur a trouvé la combinaison.
[INFO ] 2019-03-25 14:57:13.241 ModeJeuMaster:242 - Au tour 3, le jeu nous donne false pour savoir si le nombre de tour maximum est dépassé.
[INFO ] 2019-03-25 14:57:13.241 ModeJeuMaster:249 - Il reste 2 tour.
[INFO ] 2019-03-25 14:57:13.241 ModeJeuMaster:251 - On passe au tour : 4
[INFO ] 2019-03-25 14:57:34.659 ModeJeuMaster:208 - La proposition de l'utilisateur au tour 4 est : 1433
[INFO ] 2019-03-25 14:57:34.659 ModeJeuMaster:210 - Pour l'utilisateur au tour 4, le nombre de chiffre bien placés est 0 et le nombre de chiffre mal placés est 4
[INFO ] 2019-03-25 14:57:34.659 ModeJeuMaster:212 - Le jeu nous donne comme réponse pour l'utilisateur : 4 présents
[INFO ] 2019-03-25 14:57:34.659 ModeJeuMaster:215 - La proposition de l'ordinateur au tour 4 est : 2444
[INFO ] 2019-03-25 14:57:34.671 ModeJeuMaster:218 - Pour l'ordinateur au tour 4, le nombre de chiffre bien placés est 2 et le nombre de chiffre mal placés est 0
[INFO ] 2019-03-25 14:57:34.671 ModeJeuMaster:220 - Le jeu nous donne comme réponse pour l'ordinateur : 4 présents
[INFO ] 2019-03-25 14:57:34.671 ModeJeuMaster:223 - Au tour 4, le jeu nous donne false pour savoir si l'utilisateur a trouvé la combinaison.
[INFO ] 2019-03-25 14:57:34.672 ModeJeuMaster:225 - Au tour 4, le jeu nous donne false pour savoir si l'ordinateur a trouvé la combinaison.
[INFO ] 2019-03-25 14:57:34.672 ModeJeuMaster:242 - Au tour 4, le jeu nous donne false pour savoir si le nombre de tour maximum est dépassé.
[INFO ] 2019-03-25 14:57:34.672 ModeJeuMaster:249 - Il reste 1 tour.
[INFO ] 2019-03-25 14:57:34.672 ModeJeuMaster:251 - On passe au tour : 5
[INFO ] 2019-03-25 14:58:01.198 ModeJeuMaster:208 - La proposition de l'utilisateur au tour 5 est : 3341
[INFO ] 2019-03-25 14:58:01.198 ModeJeuMaster:210 - Pour l'utilisateur au tour 5, le nombre de chiffre bien placés est 4 et le nombre de chiffre mal placés est 0
[INFO ] 2019-03-25 14:58:01.198 ModeJeuMaster:212 - Le jeu nous donne comme réponse pour l'utilisateur : 4 bien placés
[INFO ] 2019-03-25 14:58:01.198 ModeJeuMaster:215 - La proposition de l'ordinateur au tour 5 est : 2141
[INFO ] 2019-03-25 14:58:01.207 ModeJeuMaster:218 - Pour l'ordinateur au tour 5, le nombre de chiffre bien placés est 3 et le nombre de chiffre mal placés est 0
[INFO ] 2019-03-25 14:58:01.207 ModeJeuMaster:220 - Le jeu nous donne comme réponse pour l'ordinateur : 4 bien placés
[INFO ] 2019-03-25 14:58:01.207 ModeJeuMaster:223 - Au tour 5, le jeu nous donne true pour savoir si l'utilisateur a trouvé la combinaison.
[INFO ] 2019-03-25 14:58:01.208 ModeJeuMaster:225 - Au tour 5, le jeu nous donne false pour savoir si l'ordinateur a trouvé la combinaison.
[INFO ] 2019-03-25 14:58:01.208 ModeJeuMaster:228 - L'utilisateur a trouvé la combinaison
[INFO ] 2019-03-25 14:58:13.160 ModeJeuMaster:305 - Le choix de l'utilisateur est 3
